<?xml version="1.0" encoding="UTF-8"?>
<testsuite xmlns:xsi="http://www.w3.org/2001/XMLSchema-instance" xsi:noNamespaceSchemaLocation="https://maven.apache.org/surefire/maven-surefire-plugin/xsd/surefire-test-report-3.0.xsd" version="3.0" name="com.cit.eiu.AppTest" time="0.063" tests="1" errors="0" skipped="0" failures="0">
  <properties>
    <property name="sun.desktop" value="windows"/>
    <property name="awt.toolkit" value="sun.awt.windows.WToolkit"/>
    <property name="java.specification.version" value="11"/>
    <property name="sun.cpu.isalist" value="amd64"/>
    <property name="sun.jnu.encoding" value="Cp1252"/>
    <property name="java.class.path" value="D:\CSE470-CloudComputing\java-project\target\test-classes;D:\CSE470-CloudComputing\java-project\target\classes;C:\Users\Welcome\.m2\repository\com\amazonaws\aws-java-sdk-rds\1.12.472\aws-java-sdk-rds-1.12.472.jar;C:\Users\Welcome\.m2\repository\com\amazonaws\aws-java-sdk-core\1.12.472\aws-java-sdk-core-1.12.472.jar;C:\Users\Welcome\.m2\repository\commons-logging\commons-logging\1.1.3\commons-logging-1.1.3.jar;C:\Users\Welcome\.m2\repository\commons-codec\commons-codec\1.15\commons-codec-1.15.jar;C:\Users\Welcome\.m2\repository\org\apache\httpcomponents\httpclient\4.5.13\httpclient-4.5.13.jar;C:\Users\Welcome\.m2\repository\software\amazon\ion\ion-java\1.0.2\ion-java-1.0.2.jar;C:\Users\Welcome\.m2\repository\com\fasterxml\jackson\dataformat\jackson-dataformat-cbor\2.12.6\jackson-dataformat-cbor-2.12.6.jar;C:\Users\Welcome\.m2\repository\com\amazonaws\jmespath-java\1.12.472\jmespath-java-1.12.472.jar;C:\Users\Welcome\.m2\repository\software\amazon\awssdk\s3\2.20.61\s3-2.20.61.jar;C:\Users\Welcome\.m2\repository\software\amazon\awssdk\aws-xml-protocol\2.20.61\aws-xml-protocol-2.20.61.jar;C:\Users\Welcome\.m2\repository\software\amazon\awssdk\aws-query-protocol\2.20.61\aws-query-protocol-2.20.61.jar;C:\Users\Welcome\.m2\repository\software\amazon\awssdk\protocol-core\2.20.61\protocol-core-2.20.61.jar;C:\Users\Welcome\.m2\repository\software\amazon\awssdk\arns\2.20.61\arns-2.20.61.jar;C:\Users\Welcome\.m2\repository\software\amazon\awssdk\profiles\2.20.61\profiles-2.20.61.jar;C:\Users\Welcome\.m2\repository\software\amazon\awssdk\crt-core\2.20.61\crt-core-2.20.61.jar;C:\Users\Welcome\.m2\repository\software\amazon\awssdk\sdk-core\2.20.61\sdk-core-2.20.61.jar;C:\Users\Welcome\.m2\repository\org\slf4j\slf4j-api\1.7.30\slf4j-api-1.7.30.jar;C:\Users\Welcome\.m2\repository\org\reactivestreams\reactive-streams\1.0.3\reactive-streams-1.0.3.jar;C:\Users\Welcome\.m2\repository\software\amazon\awssdk\auth\2.20.61\auth-2.20.61.jar;C:\Users\Welcome\.m2\repository\software\amazon\eventstream\eventstream\1.0.1\eventstream-1.0.1.jar;C:\Users\Welcome\.m2\repository\software\amazon\awssdk\http-client-spi\2.20.61\http-client-spi-2.20.61.jar;C:\Users\Welcome\.m2\repository\software\amazon\awssdk\regions\2.20.61\regions-2.20.61.jar;C:\Users\Welcome\.m2\repository\software\amazon\awssdk\annotations\2.20.61\annotations-2.20.61.jar;C:\Users\Welcome\.m2\repository\software\amazon\awssdk\utils\2.20.61\utils-2.20.61.jar;C:\Users\Welcome\.m2\repository\software\amazon\awssdk\aws-core\2.20.61\aws-core-2.20.61.jar;C:\Users\Welcome\.m2\repository\software\amazon\awssdk\metrics-spi\2.20.61\metrics-spi-2.20.61.jar;C:\Users\Welcome\.m2\repository\software\amazon\awssdk\json-utils\2.20.61\json-utils-2.20.61.jar;C:\Users\Welcome\.m2\repository\software\amazon\awssdk\third-party-jackson-core\2.20.61\third-party-jackson-core-2.20.61.jar;C:\Users\Welcome\.m2\repository\software\amazon\awssdk\endpoints-spi\2.20.61\endpoints-spi-2.20.61.jar;C:\Users\Welcome\.m2\repository\software\amazon\awssdk\apache-client\2.20.61\apache-client-2.20.61.jar;C:\Users\Welcome\.m2\repository\org\apache\httpcomponents\httpcore\4.4.13\httpcore-4.4.13.jar;C:\Users\Welcome\.m2\repository\software\amazon\awssdk\netty-nio-client\2.20.61\netty-nio-client-2.20.61.jar;C:\Users\Welcome\.m2\repository\io\netty\netty-codec-http\4.1.86.Final\netty-codec-http-4.1.86.Final.jar;C:\Users\Welcome\.m2\repository\io\netty\netty-codec-http2\4.1.86.Final\netty-codec-http2-4.1.86.Final.jar;C:\Users\Welcome\.m2\repository\io\netty\netty-codec\4.1.86.Final\netty-codec-4.1.86.Final.jar;C:\Users\Welcome\.m2\repository\io\netty\netty-transport\4.1.86.Final\netty-transport-4.1.86.Final.jar;C:\Users\Welcome\.m2\repository\io\netty\netty-resolver\4.1.86.Final\netty-resolver-4.1.86.Final.jar;C:\Users\Welcome\.m2\repository\io\netty\netty-common\4.1.86.Final\netty-common-4.1.86.Final.jar;C:\Users\Welcome\.m2\repository\io\netty\netty-buffer\4.1.86.Final\netty-buffer-4.1.86.Final.jar;C:\Users\Welcome\.m2\repository\io\netty\netty-handler\4.1.86.Final\netty-handler-4.1.86.Final.jar;C:\Users\Welcome\.m2\repository\io\netty\netty-transport-native-unix-common\4.1.86.Final\netty-transport-native-unix-common-4.1.86.Final.jar;C:\Users\Welcome\.m2\repository\io\netty\netty-transport-classes-epoll\4.1.86.Final\netty-transport-classes-epoll-4.1.86.Final.jar;C:\Users\Welcome\.m2\repository\com\amazonaws\aws-java-sdk-sts\1.12.472\aws-java-sdk-sts-1.12.472.jar;C:\Users\Welcome\.m2\repository\com\amazonaws\aws-lambda-java-core\1.2.2\aws-lambda-java-core-1.2.2.jar;C:\Users\Welcome\.m2\repository\com\amazonaws\aws-lambda-java-events\3.11.0\aws-lambda-java-events-3.11.0.jar;C:\Users\Welcome\.m2\repository\joda-time\joda-time\2.6\joda-time-2.6.jar;C:\Users\Welcome\.m2\repository\org\json\json\20230227\json-20230227.jar;C:\Users\Welcome\.m2\repository\javax\servlet\javax.servlet-api\3.1.0\javax.servlet-api-3.1.0.jar;C:\Users\Welcome\.m2\repository\com\sun\xml\bind\jaxb-impl\2.2.3\jaxb-impl-2.2.3.jar;C:\Users\Welcome\.m2\repository\javax\xml\bind\jaxb-api\2.2.2\jaxb-api-2.2.2.jar;C:\Users\Welcome\.m2\repository\javax\xml\stream\stax-api\1.0-2\stax-api-1.0-2.jar;C:\Users\Welcome\.m2\repository\mysql\mysql-connector-java\8.0.20\mysql-connector-java-8.0.20.jar;C:\Users\Welcome\.m2\repository\com\google\protobuf\protobuf-java\3.6.1\protobuf-java-3.6.1.jar;C:\Users\Welcome\.m2\repository\io\jsonwebtoken\jjwt-api\0.11.5\jjwt-api-0.11.5.jar;C:\Users\Welcome\.m2\repository\io\jsonwebtoken\jjwt-impl\0.11.5\jjwt-impl-0.11.5.jar;C:\Users\Welcome\.m2\repository\io\jsonwebtoken\jjwt-jackson\0.11.5\jjwt-jackson-0.11.5.jar;C:\Users\Welcome\.m2\repository\com\fasterxml\jackson\core\jackson-databind\2.12.6.1\jackson-databind-2.12.6.1.jar;C:\Users\Welcome\.m2\repository\com\fasterxml\jackson\core\jackson-annotations\2.12.6\jackson-annotations-2.12.6.jar;C:\Users\Welcome\.m2\repository\com\fasterxml\jackson\core\jackson-core\2.12.6\jackson-core-2.12.6.jar;C:\Users\Welcome\.m2\repository\com\sun\mail\javax.mail\1.6.2\javax.mail-1.6.2.jar;C:\Users\Welcome\.m2\repository\javax\activation\activation\1.1\activation-1.1.jar;C:\Users\Welcome\.m2\repository\junit\junit\4.11\junit-4.11.jar;C:\Users\Welcome\.m2\repository\org\hamcrest\hamcrest-core\1.3\hamcrest-core-1.3.jar;"/>
    <property name="java.vm.vendor" value="Microsoft"/>
    <property name="sun.arch.data.model" value="64"/>
    <property name="user.variant" value=""/>
    <property name="java.vendor.url" value="https://www.microsoft.com"/>
    <property name="user.timezone" value="Asia/Bangkok"/>
    <property name="java.vm.specification.version" value="11"/>
    <property name="os.name" value="Windows 10"/>
    <property name="sun.java.launcher" value="SUN_STANDARD"/>
    <property name="user.country" value="US"/>
    <property name="sun.boot.library.path" value="C:\Program Files\Microsoft\jdk-11.0.20.8-hotspot\bin"/>
    <property name="sun.java.command" value="C:\Users\Welcome\AppData\Local\Temp\surefire14229179892178886011\surefirebooter-20231201104949718_3.jar C:\Users\Welcome\AppData\Local\Temp\surefire14229179892178886011 2023-12-01T10-49-49_338-jvmRun1 surefire-20231201104949718_1tmp surefire_0-20231201104949718_2tmp"/>
    <property name="jdk.debug" value="release"/>
    <property name="surefire.test.class.path" value="D:\CSE470-CloudComputing\java-project\target\test-classes;D:\CSE470-CloudComputing\java-project\target\classes;C:\Users\Welcome\.m2\repository\com\amazonaws\aws-java-sdk-rds\1.12.472\aws-java-sdk-rds-1.12.472.jar;C:\Users\Welcome\.m2\repository\com\amazonaws\aws-java-sdk-core\1.12.472\aws-java-sdk-core-1.12.472.jar;C:\Users\Welcome\.m2\repository\commons-logging\commons-logging\1.1.3\commons-logging-1.1.3.jar;C:\Users\Welcome\.m2\repository\commons-codec\commons-codec\1.15\commons-codec-1.15.jar;C:\Users\Welcome\.m2\repository\org\apache\httpcomponents\httpclient\4.5.13\httpclient-4.5.13.jar;C:\Users\Welcome\.m2\repository\software\amazon\ion\ion-java\1.0.2\ion-java-1.0.2.jar;C:\Users\Welcome\.m2\repository\com\fasterxml\jackson\dataformat\jackson-dataformat-cbor\2.12.6\jackson-dataformat-cbor-2.12.6.jar;C:\Users\Welcome\.m2\repository\com\amazonaws\jmespath-java\1.12.472\jmespath-java-1.12.472.jar;C:\Users\Welcome\.m2\repository\software\amazon\awssdk\s3\2.20.61\s3-2.20.61.jar;C:\Users\Welcome\.m2\repository\software\amazon\awssdk\aws-xml-protocol\2.20.61\aws-xml-protocol-2.20.61.jar;C:\Users\Welcome\.m2\repository\software\amazon\awssdk\aws-query-protocol\2.20.61\aws-query-protocol-2.20.61.jar;C:\Users\Welcome\.m2\repository\software\amazon\awssdk\protocol-core\2.20.61\protocol-core-2.20.61.jar;C:\Users\Welcome\.m2\repository\software\amazon\awssdk\arns\2.20.61\arns-2.20.61.jar;C:\Users\Welcome\.m2\repository\software\amazon\awssdk\profiles\2.20.61\profiles-2.20.61.jar;C:\Users\Welcome\.m2\repository\software\amazon\awssdk\crt-core\2.20.61\crt-core-2.20.61.jar;C:\Users\Welcome\.m2\repository\software\amazon\awssdk\sdk-core\2.20.61\sdk-core-2.20.61.jar;C:\Users\Welcome\.m2\repository\org\slf4j\slf4j-api\1.7.30\slf4j-api-1.7.30.jar;C:\Users\Welcome\.m2\repository\org\reactivestreams\reactive-streams\1.0.3\reactive-streams-1.0.3.jar;C:\Users\Welcome\.m2\repository\software\amazon\awssdk\auth\2.20.61\auth-2.20.61.jar;C:\Users\Welcome\.m2\repository\software\amazon\eventstream\eventstream\1.0.1\eventstream-1.0.1.jar;C:\Users\Welcome\.m2\repository\software\amazon\awssdk\http-client-spi\2.20.61\http-client-spi-2.20.61.jar;C:\Users\Welcome\.m2\repository\software\amazon\awssdk\regions\2.20.61\regions-2.20.61.jar;C:\Users\Welcome\.m2\repository\software\amazon\awssdk\annotations\2.20.61\annotations-2.20.61.jar;C:\Users\Welcome\.m2\repository\software\amazon\awssdk\utils\2.20.61\utils-2.20.61.jar;C:\Users\Welcome\.m2\repository\software\amazon\awssdk\aws-core\2.20.61\aws-core-2.20.61.jar;C:\Users\Welcome\.m2\repository\software\amazon\awssdk\metrics-spi\2.20.61\metrics-spi-2.20.61.jar;C:\Users\Welcome\.m2\repository\software\amazon\awssdk\json-utils\2.20.61\json-utils-2.20.61.jar;C:\Users\Welcome\.m2\repository\software\amazon\awssdk\third-party-jackson-core\2.20.61\third-party-jackson-core-2.20.61.jar;C:\Users\Welcome\.m2\repository\software\amazon\awssdk\endpoints-spi\2.20.61\endpoints-spi-2.20.61.jar;C:\Users\Welcome\.m2\repository\software\amazon\awssdk\apache-client\2.20.61\apache-client-2.20.61.jar;C:\Users\Welcome\.m2\repository\org\apache\httpcomponents\httpcore\4.4.13\httpcore-4.4.13.jar;C:\Users\Welcome\.m2\repository\software\amazon\awssdk\netty-nio-client\2.20.61\netty-nio-client-2.20.61.jar;C:\Users\Welcome\.m2\repository\io\netty\netty-codec-http\4.1.86.Final\netty-codec-http-4.1.86.Final.jar;C:\Users\Welcome\.m2\repository\io\netty\netty-codec-http2\4.1.86.Final\netty-codec-http2-4.1.86.Final.jar;C:\Users\Welcome\.m2\repository\io\netty\netty-codec\4.1.86.Final\netty-codec-4.1.86.Final.jar;C:\Users\Welcome\.m2\repository\io\netty\netty-transport\4.1.86.Final\netty-transport-4.1.86.Final.jar;C:\Users\Welcome\.m2\repository\io\netty\netty-resolver\4.1.86.Final\netty-resolver-4.1.86.Final.jar;C:\Users\Welcome\.m2\repository\io\netty\netty-common\4.1.86.Final\netty-common-4.1.86.Final.jar;C:\Users\Welcome\.m2\repository\io\netty\netty-buffer\4.1.86.Final\netty-buffer-4.1.86.Final.jar;C:\Users\Welcome\.m2\repository\io\netty\netty-handler\4.1.86.Final\netty-handler-4.1.86.Final.jar;C:\Users\Welcome\.m2\repository\io\netty\netty-transport-native-unix-common\4.1.86.Final\netty-transport-native-unix-common-4.1.86.Final.jar;C:\Users\Welcome\.m2\repository\io\netty\netty-transport-classes-epoll\4.1.86.Final\netty-transport-classes-epoll-4.1.86.Final.jar;C:\Users\Welcome\.m2\repository\com\amazonaws\aws-java-sdk-sts\1.12.472\aws-java-sdk-sts-1.12.472.jar;C:\Users\Welcome\.m2\repository\com\amazonaws\aws-lambda-java-core\1.2.2\aws-lambda-java-core-1.2.2.jar;C:\Users\Welcome\.m2\repository\com\amazonaws\aws-lambda-java-events\3.11.0\aws-lambda-java-events-3.11.0.jar;C:\Users\Welcome\.m2\repository\joda-time\joda-time\2.6\joda-time-2.6.jar;C:\Users\Welcome\.m2\repository\org\json\json\20230227\json-20230227.jar;C:\Users\Welcome\.m2\repository\javax\servlet\javax.servlet-api\3.1.0\javax.servlet-api-3.1.0.jar;C:\Users\Welcome\.m2\repository\com\sun\xml\bind\jaxb-impl\2.2.3\jaxb-impl-2.2.3.jar;C:\Users\Welcome\.m2\repository\javax\xml\bind\jaxb-api\2.2.2\jaxb-api-2.2.2.jar;C:\Users\Welcome\.m2\repository\javax\xml\stream\stax-api\1.0-2\stax-api-1.0-2.jar;C:\Users\Welcome\.m2\repository\mysql\mysql-connector-java\8.0.20\mysql-connector-java-8.0.20.jar;C:\Users\Welcome\.m2\repository\com\google\protobuf\protobuf-java\3.6.1\protobuf-java-3.6.1.jar;C:\Users\Welcome\.m2\repository\io\jsonwebtoken\jjwt-api\0.11.5\jjwt-api-0.11.5.jar;C:\Users\Welcome\.m2\repository\io\jsonwebtoken\jjwt-impl\0.11.5\jjwt-impl-0.11.5.jar;C:\Users\Welcome\.m2\repository\io\jsonwebtoken\jjwt-jackson\0.11.5\jjwt-jackson-0.11.5.jar;C:\Users\Welcome\.m2\repository\com\fasterxml\jackson\core\jackson-databind\2.12.6.1\jackson-databind-2.12.6.1.jar;C:\Users\Welcome\.m2\repository\com\fasterxml\jackson\core\jackson-annotations\2.12.6\jackson-annotations-2.12.6.jar;C:\Users\Welcome\.m2\repository\com\fasterxml\jackson\core\jackson-core\2.12.6\jackson-core-2.12.6.jar;C:\Users\Welcome\.m2\repository\com\sun\mail\javax.mail\1.6.2\javax.mail-1.6.2.jar;C:\Users\Welcome\.m2\repository\javax\activation\activation\1.1\activation-1.1.jar;C:\Users\Welcome\.m2\repository\junit\junit\4.11\junit-4.11.jar;C:\Users\Welcome\.m2\repository\org\hamcrest\hamcrest-core\1.3\hamcrest-core-1.3.jar;"/>
    <property name="sun.cpu.endian" value="little"/>
    <property name="user.home" value="C:\Users\Welcome"/>
    <property name="user.language" value="en"/>
    <property name="java.specification.vendor" value="Oracle Corporation"/>
    <property name="java.version.date" value="2023-07-18"/>
    <property name="java.home" value="C:\Program Files\Microsoft\jdk-11.0.20.8-hotspot"/>
    <property name="file.separator" value="\"/>
    <property name="basedir" value="D:\CSE470-CloudComputing\java-project"/>
    <property name="java.vm.compressedOopsMode" value="32-bit"/>
    <property name="line.separator" value="&#10;"/>
    <property name="java.specification.name" value="Java Platform API Specification"/>
    <property name="java.vm.specification.vendor" value="Oracle Corporation"/>
    <property name="java.awt.graphicsenv" value="sun.awt.Win32GraphicsEnvironment"/>
    <property name="surefire.real.class.path" value="C:\Users\Welcome\AppData\Local\Temp\surefire14229179892178886011\surefirebooter-20231201104949718_3.jar"/>
    <property name="user.script" value=""/>
    <property name="sun.management.compiler" value="HotSpot 64-Bit Tiered Compilers"/>
    <property name="java.runtime.version" value="11.0.20+8-LTS"/>
    <property name="user.name" value="Welcome"/>
    <property name="path.separator" value=";"/>
    <property name="os.version" value="10.0"/>
    <property name="java.runtime.name" value="OpenJDK Runtime Environment"/>
    <property name="file.encoding" value="Cp1252"/>
    <property name="java.vm.name" value="OpenJDK 64-Bit Server VM"/>
    <property name="java.vendor.version" value="Microsoft-8035250"/>
    <property name="localRepository" value="C:\Users\Welcome\.m2\repository"/>
    <property name="java.vendor.url.bug" value="https://github.com/microsoft/openjdk/issues"/>
    <property name="java.io.tmpdir" value="C:\Users\Welcome\AppData\Local\Temp\"/>
    <property name="java.version" value="11.0.20"/>
    <property name="user.dir" value="D:\CSE470-CloudComputing\java-project"/>
    <property name="os.arch" value="amd64"/>
    <property name="java.vm.specification.name" value="Java Virtual Machine Specification"/>
    <property name="java.awt.printerjob" value="sun.awt.windows.WPrinterJob"/>
    <property name="sun.os.patch.level" value=""/>
    <property name="java.library.path" value="C:\Program Files\Microsoft\jdk-11.0.20.8-hotspot\bin;C:\WINDOWS\Sun\Java\bin;C:\WINDOWS\system32;C:\WINDOWS;C:\Program Files\Microsoft\jdk-11.0.20.8-hotspot\bin;C:\Python312\Scripts\;C:\Python312\;C:\Program Files (x86)\VMware\VMware Player\bin\;C:\WINDOWS\system32;C:\WINDOWS;C:\WINDOWS\System32\Wbem;C:\WINDOWS\System32\WindowsPowerShell\v1.0\;C:\WINDOWS\System32\OpenSSH\;C:\Program Files\Intel\WiFi\bin\;C:\Program Files\Common Files\Intel\WirelessCommon\;C:\Program Files\Microsoft\jdk-11.0.20.8-hotspot\\bin;C:\ProgramData\Oracle\Java\javapath;C:\Program Files\Git\cmd;C:\Program Files\Go\bin;C:\php-8.2.7;C:\Apache24\bin;C:\Program Files\Microsoft SQL Server\150\Tools\Binn\;C:\Program Files\Microsoft SQL Server\Client SDK\ODBC\170\Tools\Binn\;C:\Program Files\dotnet\;C:\Program Files\Maven\apache-maven-3.9.5\bin;C:\Program Files\PuTTY\;C:\Program Files\nodejs\;C:\ProgramData\chocolatey\bin;C:\Program Files\Amazon\AWSCLIV2\;aws rds generate-db-auth-token --hostname cse470db.cdgzhcum4cno.ap-southeast-2.rds.amazonaws.com --port 3306 --region ap-southeast-2 --username admin;C:\Users\Welcome\AppData\Local\Programs\Python\Python37\Scripts\;C:\Users\Welcome\AppData\Local\Programs\Python\Python37\;C:\Users\Welcome\AppData\Local\Microsoft\WindowsApps;C:\Program Files\JetBrains\IntelliJ IDEA 2019.2.3\bin;;C:\Program Files\JetBrains\PyCharm 2022.1.3\bin;;C:\Users\Welcome\go\bin;C:\Users\Welcome\AppData\Local\GitHubDesktop\bin;C:\Users\Welcome\.dotnet\tools;C:\Users\Welcome\AppData\Local\Programs\Microsoft VS Code\bin;C:\Users\Welcome\AppData\Roaming\npm;C:\Users\Welcome\AppData\Local\Android\Sdk;C:\Users\Welcome\AppData\Local\Android\Sdk\platform-tools;C:\Program Files\MySQL\MySQL Server 8.0\bin;aws rds generate-db-auth-token --hostname cse470db.cdgzhcum4cno.ap-southeast-2.rds.amazonaws.com --port 3306 --region ap-southeast-2 --username admin;;."/>
    <property name="java.vm.info" value="mixed mode"/>
    <property name="java.vendor" value="Microsoft"/>
    <property name="java.vm.version" value="11.0.20+8-LTS"/>
    <property name="java.specification.maintenance.version" value="2"/>
    <property name="sun.io.unicode.encoding" value="UnicodeLittle"/>
    <property name="java.class.version" value="55.0"/>
  </properties>
  <testcase name="testApp" classname="com.cit.eiu.AppTest" time="0.009"/>
</testsuite>